c:\users\pc503-125\desktop\5.02\rythm01\x64\debug\rythm01.pch
c:\users\pc503-125\desktop\5.02\rythm01\x64\debug\vc141.pdb
c:\users\pc503-125\desktop\5.02\rythm01\x64\debug\vc141.idb
c:\users\pc503-125\desktop\5.02\rythm01\x64\debug\stdafx.obj
c:\users\pc503-125\desktop\5.02\rythm01\x64\debug\rythm01view.obj
c:\users\pc503-125\desktop\5.02\rythm01\x64\debug\rythm01doc.obj
c:\users\pc503-125\desktop\5.02\rythm01\x64\debug\rythm01.obj
c:\users\pc503-125\desktop\5.02\rythm01\x64\debug\mainfrm.obj
c:\users\pc503-125\desktop\5.02\x64\debug\rythm01.exe
c:\users\pc503-125\desktop\5.02\x64\debug\rythm01.ilk
c:\users\pc503-125\desktop\5.02\x64\debug\rythm01.pdb
c:\users\pc503-125\desktop\5.02\rythm01\x64\debug\rythm01.res
c:\users\pc503-125\desktop\5.02\rythm01\x64\debug\rythm01.tlog\cl.command.1.tlog
c:\users\pc503-125\desktop\5.02\rythm01\x64\debug\rythm01.tlog\cl.read.1.tlog
c:\users\pc503-125\desktop\5.02\rythm01\x64\debug\rythm01.tlog\cl.write.1.tlog
c:\users\pc503-125\desktop\5.02\rythm01\x64\debug\rythm01.tlog\link.command.1.tlog
c:\users\pc503-125\desktop\5.02\rythm01\x64\debug\rythm01.tlog\link.read.1.tlog
c:\users\pc503-125\desktop\5.02\rythm01\x64\debug\rythm01.tlog\link.write.1.tlog
c:\users\pc503-125\desktop\5.02\rythm01\x64\debug\rythm01.tlog\rc.command.1.tlog
c:\users\pc503-125\desktop\5.02\rythm01\x64\debug\rythm01.tlog\rc.read.1.tlog
c:\users\pc503-125\desktop\5.02\rythm01\x64\debug\rythm01.tlog\rc.write.1.tlog
